2025-05-12T00:32:36.652Z - normal: Load ~/.CocosCreator/settings.json
2025-05-12T00:32:37.936Z - normal: Initializing Asset Database
2025-05-12T00:32:37.985Z - normal: checking language setting...
2025-05-12T00:32:37.985Z - normal: Language: en
2025-05-12T00:32:39.424Z - success: preview server running at http://localhost:7456
2025-05-12T00:32:39.426Z - success: protocol editor-framework registered
2025-05-12T00:32:39.426Z - success: protocol app registered
2025-05-12T00:32:39.426Z - success: protocol theme registered
2025-05-12T00:32:39.426Z - success: protocol packages registered
2025-05-12T00:32:39.426Z - success: protocol uuid registerred
2025-05-12T00:32:39.426Z - success: protocol db registerred
2025-05-12T00:32:39.426Z - success: protocol thumbnail registerred
2025-05-12T00:32:39.426Z - success: protocol unpack registerred
2025-05-12T00:32:39.426Z - success: protocol disable-commonjs registerred
2025-05-12T00:32:40.404Z - normal: connected!
2025-05-12T00:32:40.405Z - normal: Check project E:\VuLeTanPhat-07-K5\VuLeTanPhat-07-K5
2025-05-12T00:32:40.407Z - normal: Initializing project E:\VuLeTanPhat-07-K5\VuLeTanPhat-07-K5
2025-05-12T00:32:40.902Z - normal: Initializing Cocos2d
2025-05-12T00:32:45.614Z - normal: Initializing engine extends
2025-05-12T00:32:45.663Z - success: alipay-adapter loaded
2025-05-12T00:32:45.687Z - success: asset-db-debugger loaded
2025-05-12T00:32:45.696Z - success: baidu-adapter loaded
2025-05-12T00:32:45.706Z - success: color-picker loaded
2025-05-12T00:32:45.891Z - success: fb-audience-network loaded
2025-05-12T00:32:45.969Z - success: fb-live-stream loaded
2025-05-12T00:32:45.995Z - success: google-play-instant loaded
2025-05-12T00:32:46.041Z - success: huawei-runtime loaded
2025-05-12T00:32:47.155Z - success: cpk-publish loaded
2025-05-12T00:32:47.166Z - success: jsb-adapter loaded
2025-05-12T00:32:47.228Z - success: oppo-runtime loaded
2025-05-12T00:32:47.250Z - success: package-manager loaded
2025-05-12T00:32:47.494Z - success: qqplay-adapter loaded
2025-05-12T00:32:47.515Z - success: runtime-dev-tools loaded
2025-05-12T00:32:47.543Z - success: sdkbox loaded
2025-05-12T00:32:47.577Z - success: tester loaded
2025-05-12T00:32:47.597Z - success: ui-kit-preview-extra loaded
2025-05-12T00:32:47.618Z - success: ui-kit-preview loaded
2025-05-12T00:32:47.620Z - success: ui-kit loaded
2025-05-12T00:32:47.691Z - success: vivo-runtime loaded
2025-05-12T00:32:47.698Z - success: weapp-adapter loaded
2025-05-12T00:32:47.705Z - success: xiaomi-adapter loaded
2025-05-12T00:32:47.709Z - success: alipay-minigame loaded
2025-05-12T00:32:47.752Z - success: assets loaded
2025-05-12T00:32:47.755Z - success: builder loaded
2025-05-12T00:32:48.039Z - success: cocos-services loaded
2025-05-12T00:32:48.043Z - success: console loaded
2025-05-12T00:32:48.073Z - success: fb-instant-games loaded
2025-05-12T00:32:48.075Z - success: game-window loaded
2025-05-12T00:32:48.076Z - success: google-instant-games loaded
2025-05-12T00:32:48.080Z - success: hierarchy loaded
2025-05-12T00:32:48.082Z - success: inspector loaded
2025-05-12T00:32:48.084Z - success: keystore loaded
2025-05-12T00:32:48.087Z - success: node-library loaded
2025-05-12T00:32:48.088Z - success: package-asset loaded
2025-05-12T00:32:48.090Z - success: preferences loaded
2025-05-12T00:32:48.091Z - success: project-exporter loaded
2025-05-12T00:32:48.092Z - success: project-importer loaded
2025-05-12T00:32:48.094Z - success: project-settings loaded
2025-05-12T00:32:48.098Z - success: scene loaded
2025-05-12T00:32:48.099Z - success: simulator-debugger loaded
2025-05-12T00:32:48.100Z - success: sprite-editor loaded
2025-05-12T00:32:48.103Z - success: store loaded
2025-05-12T00:32:48.107Z - success: timeline loaded
2025-05-12T00:32:48.112Z - success: xiaomi-runtime loaded
2025-05-12T00:32:52.634Z - info: Cocos Services load base data!
2025-05-12T00:33:01.162Z - normal: Loading packages
2025-05-12T00:33:01.169Z - normal: Watching packages
2025-05-12T00:33:01.934Z - normal: Run Application
