2025-05-14T08:42:14.763Z - success: protocol editor-framework registered
2025-05-14T08:42:14.763Z - success: protocol app registered
2025-05-14T08:42:14.763Z - success: protocol theme registered
2025-05-14T08:42:14.763Z - success: protocol packages registered
2025-05-14T08:42:14.769Z - normal: Load ~/.CocosCreator/settings.json
2025-05-14T08:42:14.776Z - success: protocol uuid registerred
2025-05-14T08:42:14.776Z - success: protocol db registerred
2025-05-14T08:42:14.776Z - success: protocol thumbnail registerred
2025-05-14T08:42:14.803Z - normal: Initializing Asset Database
2025-05-14T08:42:14.804Z - normal: checking language setting...
2025-05-14T08:42:14.804Z - normal: Language: en
2025-05-14T08:42:14.805Z - success: protocol unpack registerred
2025-05-14T08:42:14.805Z - success: protocol disable-commonjs registerred
2025-05-14T08:42:17.074Z - normal: connected!
2025-05-14T08:42:17.298Z - normal: Check project /Users/cocos-1/Cocos2415
2025-05-14T08:42:17.307Z - normal: Initializing project /Users/cocos-1/Cocos2415
2025-05-14T08:42:17.402Z - success: adapters loaded
2025-05-14T08:42:17.403Z - success: asset-db-debugger loaded
2025-05-14T08:42:17.427Z - success: fb-audience-network loaded
2025-05-14T08:42:17.440Z - success: fb-live-stream loaded
2025-05-14T08:42:17.441Z - success: google-play-instant loaded
2025-05-14T08:42:17.441Z - success: jsb-adapter loaded
2025-05-14T08:42:17.442Z - success: package-manager loaded
2025-05-14T08:42:17.442Z - success: runtime-adapters loaded
2025-05-14T08:42:17.442Z - success: runtime-dev-tools loaded
2025-05-14T08:42:17.443Z - success: ui-kit-preview-extra loaded
2025-05-14T08:42:17.444Z - success: ui-kit-preview loaded
2025-05-14T08:42:17.722Z - success: alipay-minigame loaded
2025-05-14T08:42:17.725Z - success: assets loaded
2025-05-14T08:42:17.726Z - success: baidugame-opendata loaded
2025-05-14T08:42:17.727Z - success: baidugame loaded
2025-05-14T08:42:17.728Z - success: builder loaded
2025-05-14T08:42:17.729Z - success: bytedance-opendata loaded
2025-05-14T08:42:17.730Z - success: bytedance loaded
2025-05-14T08:42:17.732Z - success: channel-upload-tools loaded
2025-05-14T08:42:17.780Z - success: cloud-function loaded
2025-05-14T08:42:17.851Z - success: cocos-services loaded
2025-05-14T08:42:17.852Z - success: console loaded
2025-05-14T08:42:17.853Z - success: curve-editor loaded
2025-05-14T08:42:17.857Z - success: fb-instant-games loaded
2025-05-14T08:42:17.858Z - success: game-window loaded
2025-05-14T08:42:17.859Z - success: google-instant-games loaded
2025-05-14T08:42:17.861Z - success: harmonyos-next loaded
2025-05-14T08:42:17.863Z - success: hierarchy loaded
2025-05-14T08:42:17.865Z - success: honor-minigame loaded
2025-05-14T08:42:17.866Z - success: huawei-agc loaded
2025-05-14T08:42:17.868Z - success: huawei-runtime loaded
2025-05-14T08:42:17.869Z - success: inspector loaded
2025-05-14T08:42:17.876Z - success: cpk-publish loaded
2025-05-14T08:42:17.876Z - success: keystore loaded
2025-05-14T08:42:17.883Z - success: link-sure-runtime loaded
2025-05-14T08:42:17.889Z - success: migu-runtime loaded
2025-05-14T08:42:17.892Z - success: node-library loaded
2025-05-14T08:42:17.893Z - success: open-recent-items loaded
2025-05-14T08:42:17.895Z - success: oppo-runtime loaded
2025-05-14T08:42:17.895Z - success: package-asset loaded
2025-05-14T08:42:17.896Z - success: preferences loaded
2025-05-14T08:42:17.897Z - success: project-importer loaded
2025-05-14T08:42:17.898Z - success: project-settings loaded
2025-05-14T08:42:17.904Z - success: qtt-runtime loaded
2025-05-14T08:42:17.906Z - success: scene loaded
2025-05-14T08:42:17.906Z - success: simulator-debugger loaded
2025-05-14T08:42:17.906Z - success: sprite-editor loaded
2025-05-14T08:42:17.930Z - success: store loaded
2025-05-14T08:42:17.931Z - success: taobao-creativeapp loaded
2025-05-14T08:42:17.932Z - success: taobao-minigame loaded
2025-05-14T08:42:17.933Z - success: timeline loaded
2025-05-14T08:42:17.935Z - success: vivo-runtime loaded
2025-05-14T08:42:17.936Z - success: wechatgame-opendata loaded
2025-05-14T08:42:17.938Z - success: wechatgame loaded
2025-05-14T08:42:17.943Z - success: xiaomi-runtime loaded
2025-05-14T08:42:17.943Z - success: preview server running at http://localhost:7456
2025-05-14T08:42:18.286Z - normal: Initializing Cocos2d
2025-05-14T08:42:18.380Z - normal: Initializing engine extends
2025-05-14T08:42:21.672Z - normal: Loading packages
2025-05-14T08:42:21.673Z - normal: Run Application
2025-05-14T08:42:25.503Z - success: cloud-function unloaded
2025-05-14T08:42:25.889Z - info: Cocos Service load base data!
2025-05-14T08:43:21.346Z - success: im-plugin loaded
2025-05-14T08:43:39.407Z - info: shutdown preview server
